[    0.000000] Initializing cgroup subsys cpuset
[    0.000000] Initializing cgroup subsys cpu
[    0.000000] Initializing cgroup subsys cpuacct
[    0.000000] Linux version 4.4.0-59-generic (buildd@lgw01-11) (gcc version 5.4.0 20160609 (Ubuntu 5.4.0-6ubuntu1~16.04.4) ) #80-Ubuntu SMP Fri Jan 6 17:47:47 UTC 2017 (Ubuntu 4.4.0-59.80-generic 4.4.35)
[    0.000000] Command line: BOOT_IMAGE=/boot/vmlinuz-4.4.0-59-generic root=LABEL=cloudimg-rootfs ro console=tty1 console=ttyS0
[    0.000000] KERNEL supported cpus:
[    0.000000]   Intel GenuineIntel
[    0.000000]   AMD AuthenticAMD
[    0.000000]   Centaur CentaurHauls
[    0.000000] x86/fpu: xstate_offset[2]:  576, xstate_sizes[2]:  256
[    0.000000] x86/fpu: Supporting XSAVE feature 0x01: 'x87 floating point registers'
[    0.000000] x86/fpu: Supporting XSAVE feature 0x02: 'SSE registers'
[    0.000000] x86/fpu: Supporting XSAVE feature 0x04: 'AVX registers'
[    0.000000] x86/fpu: Enabled xstate features 0x7, context size is 832 bytes, using 'standard' format.
[    0.000000] x86/fpu: Using 'lazy' FPU context switches.
[    0.000000] e820: BIOS-provided physical RAM map:
[    0.000000] BIOS-e820: [mem 0x0000000000000000-0x000000000009fbff] usable
[    0.000000] BIOS-e820: [mem 0x000000000009fc00-0x000000000009ffff] reserved
[    0.000000] BIOS-e820: [mem 0x00000000000f0000-0x00000000000fffff] reserved
[    0.000000] BIOS-e820: [mem 0x0000000000100000-0x000000003ffeffff] usable
[    0.000000] BIOS-e820: [mem 0x000000003fff0000-0x000000003fffffff] ACPI data
[    0.000000] BIOS-e820: [mem 0x00000000fec00000-0x00000000fec00fff] reserved
[    0.000000] BIOS-e820: [mem 0x00000000fee00000-0x00000000fee00fff] reserved
[    0.000000] BIOS-e820: [mem 0x00000000fffc0000-0x00000000ffffffff] reserved
[    0.000000] NX (Execute Disable) protection: active
[    0.000000] SMBIOS 2.5 present.
[    0.000000] Hypervisor detected: KVM
[    0.000000] e820: last_pfn = 0x3fff0 max_arch_pfn = 0x400000000
[    0.000000] MTRR: Disabled
[    0.000000] x86/PAT: MTRRs disabled, skipping PAT initialization too.
[    0.000000] x86/PAT: Configuration [0-7]: WB  WT  UC- UC  WB  WT  UC- UC  
[    0.000000] CPU MTRRs all blank - virtualized system.
[    0.000000] found SMP MP-table at [mem 0x0009fff0-0x0009ffff] mapped at [ffff88000009fff0]
[    0.000000] Scanning 1 areas for low memory corruption
[    0.000000] RAMDISK: [mem 0x36b62000-0x375a8fff]
[    0.000000] ACPI: Early table checksum verification disabled
[    0.000000] ACPI: RSDP 0x00000000000E0000 000024 (v02 VBOX  )
[    0.000000] ACPI: XSDT 0x000000003FFF0030 00003C (v01 VBOX   VBOXXSDT 00000001 ASL  00000061)
[    0.000000] ACPI: FACP 0x000000003FFF00F0 0000F4 (v04 VBOX   VBOXFACP 00000001 ASL  00000061)
[    0.000000] ACPI: DSDT 0x000000003FFF0470 00210F (v01 VBOX   VBOXBIOS 00000002 INTL 20100528)
[    0.000000] ACPI: FACS 0x000000003FFF0200 000040
[    0.000000] ACPI: FACS 0x000000003FFF0200 000040
[    0.000000] ACPI: APIC 0x000000003FFF0240 00005C (v02 VBOX   VBOXAPIC 00000001 ASL  00000061)
[    0.000000] ACPI: SSDT 0x000000003FFF02A0 0001CC (v01 VBOX   VBOXCPUT 00000002 INTL 20100528)
[    0.000000] No NUMA configuration found
[    0.000000] Faking a node at [mem 0x0000000000000000-0x000000003ffeffff]
[    0.000000] NODE_DATA(0) allocated [mem 0x3ffeb000-0x3ffeffff]
[    0.000000] kvm-clock: Using msrs 4b564d01 and 4b564d00
[    0.000000] kvm-clock: cpu 0, msr 0:3ffe3001, primary cpu clock
[    0.000000] kvm-clock: using sched offset of 3072245607 cycles
[    0.000000] clocksource: kvm-clock: mask: 0xffffffffffffffff max_cycles: 0x1cd42e4dffb, max_idle_ns: 881590591483 ns
[    0.000000] Zone ranges:
[    0.000000]   DMA      [mem 0x0000000000001000-0x0000000000ffffff]
[    0.000000]   DMA32    [mem 0x0000000001000000-0x000000003ffeffff]
[    0.000000]   Normal   empty
[    0.000000]   Device   empty
[    0.000000] Movable zone start for each node
[    0.000000] Early memory node ranges
[    0.000000]   node   0: [mem 0x0000000000001000-0x000000000009efff]
[    0.000000]   node   0: [mem 0x0000000000100000-0x000000003ffeffff]
[    0.000000] Initmem setup node 0 [mem 0x0000000000001000-0x000000003ffeffff]
[    0.000000] ACPI: PM-Timer IO Port: 0x4008
[    0.000000] IOAPIC[0]: apic_id 2, version 32, address 0xfec00000, GSI 0-23
[    0.000000] ACPI: INT_SRC_OVR (bus 0 bus_irq 0 global_irq 2 dfl dfl)
[    0.000000] ACPI: INT_SRC_OVR (bus 0 bus_irq 9 global_irq 9 high level)
[    0.000000] Using ACPI (MADT) for SMP configuration information
[    0.000000] smpboot: Allowing 2 CPUs, 0 hotplug CPUs
[    0.000000] PM: Registered nosave memory: [mem 0x00000000-0x00000fff]
[    0.000000] PM: Registered nosave memory: [mem 0x0009f000-0x0009ffff]
[    0.000000] PM: Registered nosave memory: [mem 0x000a0000-0x000effff]
[    0.000000] PM: Registered nosave memory: [mem 0x000f0000-0x000fffff]
[    0.000000] e820: [mem 0x40000000-0xfebfffff] available for PCI devices
[    0.000000] Booting paravirtualized kernel on KVM
[    0.000000] clocksource: refined-jiffies: mask: 0xffffffff max_cycles: 0xffffffff, max_idle_ns: 7645519600211568 ns
[    0.000000] setup_percpu: NR_CPUS:512 nr_cpumask_bits:512 nr_cpu_ids:2 nr_node_ids:1
[    0.000000] PERCPU: Embedded 33 pages/cpu @ffff88003fc00000 s98264 r8192 d28712 u1048576
[    0.000000] PV qspinlock hash table entries: 256 (order: 0, 4096 bytes)
[    0.000000] Built 1 zonelists in Node order, mobility grouping on.  Total pages: 257913
[    0.000000] Policy zone: DMA32
[    0.000000] Kernel command line: BOOT_IMAGE=/boot/vmlinuz-4.4.0-59-generic root=LABEL=cloudimg-rootfs ro console=tty1 console=ttyS0
[    0.000000] PID hash table entries: 4096 (order: 3, 32768 bytes)
[    0.000000] Memory: 1002056K/1048120K available (8436K kernel code, 1291K rwdata, 3960K rodata, 1488K init, 1316K bss, 46064K reserved, 0K cma-reserved)
[    0.000000] SLUB: HWalign=64, Order=0-3, MinObjects=0, CPUs=2, Nodes=1
[    0.000000] Hierarchical RCU implementation.
[    0.000000] 	Build-time adjustment of leaf fanout to 64.
[    0.000000] 	RCU restricting CPUs from NR_CPUS=512 to nr_cpu_ids=2.
[    0.000000] RCU: Adjusting geometry for rcu_fanout_leaf=64, nr_cpu_ids=2
[    0.000000] NR_IRQS:33024 nr_irqs:440 16
[    0.000000] Console: colour VGA+ 80x25
[    0.000000] console [tty1] enabled
[    0.000000] console [ttyS0] enabled
[    0.000000] tsc: Detected 2700.000 MHz processor
[    1.037475] Calibrating delay loop (skipped) preset value.. 5400.00 BogoMIPS (lpj=10800000)
[    1.071403] pid_max: default: 32768 minimum: 301
[    1.072443] ACPI: Core revision 20150930
[    1.083729] ACPI: 2 ACPI AML tables successfully acquired and loaded
[    1.127827] Security Framework initialized
[    1.128586] Yama: becoming mindful.
[    1.129272] AppArmor: AppArmor initialized
[    1.130085] Dentry cache hash table entries: 131072 (order: 8, 1048576 bytes)
[    1.167182] Inode-cache hash table entries: 65536 (order: 7, 524288 bytes)
[    1.170591] Mount-cache hash table entries: 2048 (order: 2, 16384 bytes)
[    1.183857] Mountpoint-cache hash table entries: 2048 (order: 2, 16384 bytes)
[    1.217064] Initializing cgroup subsys io
[    1.260756] Initializing cgroup subsys memory
[    1.261800] Initializing cgroup subsys devices
[    1.262812] Initializing cgroup subsys freezer
[    1.263824] Initializing cgroup subsys net_cls
[    1.265092] Initializing cgroup subsys perf_event
[    1.266155] Initializing cgroup subsys net_prio
[    1.267187] Initializing cgroup subsys hugetlb
[    1.268187] Initializing cgroup subsys pids
[    1.269220] CPU: Physical Processor ID: 0
[    1.270672] CPU: Processor Core ID: 0
[    1.273389] mce: CPU supports 0 MCE banks
[    1.275279] Last level iTLB entries: 4KB 64, 2MB 8, 4MB 8
[    1.282996] Last level dTLB entries: 4KB 64, 2MB 0, 4MB 0, 1GB 4
[    1.288223] Freeing SMP alternatives memory: 32K (ffffffff820b8000 - ffffffff820c0000)
[    1.297704] ftrace: allocating 32064 entries in 126 pages
[    1.348632] smpboot: APIC(0) Converting physical 0 to logical package 0
[    1.363810] smpboot: Max logical packages: 1
[    1.388490] x2apic enabled
[    1.402540] Switched APIC routing to physical x2apic.
[    1.404706] ..TIMER: vector=0x30 apic1=0 pin1=2 apic2=-1 pin2=-1
[    1.536964] smpboot: CPU0: Intel(R) Core(TM) i5-5257U CPU @ 2.70GHz (family: 0x6, model: 0x3d, stepping: 0x4)
[    1.602600] Performance Events: unsupported p6 CPU model 61 no PMU driver, software events only.
[    1.612484] KVM setup paravirtual spinlock
[    1.614180] x86: Booting SMP configuration:
[    1.615147] .... node  #0, CPUs:      #1
[    1.617397] kvm-clock: cpu 1, msr 0:3ffe3041, secondary cpu clock
[    1.625835] mce: CPU supports 0 MCE banks
[    1.636059] x86: Booted up 1 node, 2 CPUs
[    1.677058] smpboot: Total of 2 processors activated (10800.00 BogoMIPS)
[    1.754329] devtmpfs: initialized
[    1.795601] evm: security.selinux
[    1.824293] evm: security.SMACK64
[    1.861257] evm: security.SMACK64EXEC
[    1.903810] evm: security.SMACK64TRANSMUTE
[    1.942509] evm: security.SMACK64MMAP
[    1.995868] evm: security.ima
[    2.020615] evm: security.capability
[    2.058537] clocksource: jiffies: mask: 0xffffffff max_cycles: 0xffffffff, max_idle_ns: 7645041785100000 ns
[    2.103788] pinctrl core: initialized pinctrl subsystem
[    2.149466] RTC time: 10:06:43, date: 01/17/17
[    2.152521] NET: Registered protocol family 16
[    2.210538] cpuidle: using governor ladder
[    2.265517] cpuidle: using governor menu
[    2.293353] PCCT header not found.
[    2.303924] ACPI: bus type PCI registered
[    2.304872] acpiphp: ACPI Hot Plug PCI Controller Driver version: 0.5
[    2.321410] PCI: Using configuration type 1 for base access
[    2.370359] ACPI: Added _OSI(Module Device)
[    2.409304] ACPI: Added _OSI(Processor Device)
[    2.450329] ACPI: Added _OSI(3.0 _SCP Extensions)
[    2.529438] ACPI: Added _OSI(Processor Aggregator Device)
[    2.543727] ACPI: Executed 1 blocks of module-level executable AML code
[    2.577524] ACPI: Interpreter enabled
[    2.616427] ACPI: (supports S0 S5)
[    2.637926] ACPI: Using IOAPIC for interrupt routing
[    2.639182] PCI: Using host bridge windows from ACPI; if necessary, use "pci=nocrs" and report a bug
[    2.742384] ACPI: PCI Root Bridge [PCI0] (domain 0000 [bus 00-ff])
[    2.789186] acpi PNP0A03:00: _OSC: OS supports [ASPM ClockPM Segments MSI]
[    2.855777] acpi PNP0A03:00: _OSC failed (AE_NOT_FOUND); disabling ASPM
[    2.922225] acpi PNP0A03:00: fail to add MMCONFIG information, can't access extended PCI configuration space under this bridge.
[    2.972564] PCI host bridge to bus 0000:00
[    2.999964] pci_bus 0000:00: root bus resource [io  0x0000-0x0cf7 window]
[    3.039613] pci_bus 0000:00: root bus resource [io  0x0d00-0xffff window]
[    3.117950] pci_bus 0000:00: root bus resource [mem 0x000a0000-0x000bffff window]
[    3.119656] pci_bus 0000:00: root bus resource [mem 0x40000000-0xffdfffff window]
[    3.195522] pci_bus 0000:00: root bus resource [bus 00-ff]
[    3.198386] pci 0000:00:01.1: legacy IDE quirk: reg 0x10: [io  0x01f0-0x01f7]
[    3.199929] pci 0000:00:01.1: legacy IDE quirk: reg 0x14: [io  0x03f6]
[    3.201280] pci 0000:00:01.1: legacy IDE quirk: reg 0x18: [io  0x0170-0x0177]
[    3.274045] pci 0000:00:01.1: legacy IDE quirk: reg 0x1c: [io  0x0376]
[    3.376535] pci 0000:00:07.0: quirk: [io  0x4000-0x403f] claimed by PIIX4 ACPI
[    3.423253] pci 0000:00:07.0: quirk: [io  0x4100-0x410f] claimed by PIIX4 SMB
[    3.437919] ACPI: PCI Interrupt Link [LNKA] (IRQs 5 9 10 *11)
[    3.444997] ACPI: PCI Interrupt Link [LNKB] (IRQs 5 9 10 *11)
[    3.455916] ACPI: PCI Interrupt Link [LNKC] (IRQs 5 9 *10 11)
[    3.458776] ACPI: PCI Interrupt Link [LNKD] (IRQs 5 *9 10 11)
[    3.465508] ACPI: Enabled 2 GPEs in block 00 to 07
[    3.480284] vgaarb: setting as boot device: PCI:0000:00:02.0
[    3.503842] vgaarb: device added: PCI:0000:00:02.0,decodes=io+mem,owns=io+mem,locks=none
[    3.559565] vgaarb: loaded
[    3.580915] vgaarb: bridge control possible 0000:00:02.0
[    3.582396] SCSI subsystem initialized
[    3.624764] ACPI: bus type USB registered
[    3.662817] usbcore: registered new interface driver usbfs
[    3.665691] usbcore: registered new interface driver hub
[    3.693689] usbcore: registered new device driver usb
[    3.730736] PCI: Using ACPI for IRQ routing
[    3.796491] NetLabel: Initializing
[    3.828480] NetLabel:  domain hash size = 128
[    3.859152] NetLabel:  protocols = UNLABELED CIPSOv4
[    3.898235] NetLabel:  unlabeled traffic allowed by default
[    3.903435] amd_nb: Cannot enumerate AMD northbridges
[    3.905696] clocksource: Switched to clocksource kvm-clock
[    3.922828] AppArmor: AppArmor Filesystem Enabled
[    3.932447] pnp: PnP ACPI init
[    3.960736] pnp: PnP ACPI: found 3 devices
[    3.993227] clocksource: acpi_pm: mask: 0xffffff max_cycles: 0xffffff, max_idle_ns: 2085701024 ns
[    4.011565] NET: Registered protocol family 2
[    4.012741] TCP established hash table entries: 8192 (order: 4, 65536 bytes)
[    4.014257] TCP bind hash table entries: 8192 (order: 5, 131072 bytes)
[    4.015636] TCP: Hash tables configured (established 8192 bind 8192)
[    4.017052] UDP hash table entries: 512 (order: 2, 16384 bytes)
[    4.018323] UDP-Lite hash table entries: 512 (order: 2, 16384 bytes)
[    4.039344] NET: Registered protocol family 1
[    4.042017] pci 0000:00:00.0: Limiting direct PCI/PCI transfers
[    4.043462] pci 0000:00:01.0: Activating ISA DMA hang workarounds
[    4.046997] Trying to unpack rootfs image as initramfs...
[    5.756607] Freeing initrd memory: 10524K (ffff880036b62000 - ffff8800375a9000)
[    5.798731] RAPL PMU detected, API unit is 2^-32 Joules, 4 fixed counters 10737418240 ms ovfl timer
[    5.814507] hw unit of domain pp0-core 2^-0 Joules
[    5.874834] hw unit of domain package 2^-0 Joules
[    5.888259] hw unit of domain dram 2^-0 Joules
[    5.904400] hw unit of domain pp1-gpu 2^-0 Joules
[    5.953232] platform rtc_cmos: registered platform RTC device (no PNP device found)
[    5.965303] Scanning for low memory corruption every 60 seconds
[    5.977004] futex hash table entries: 512 (order: 3, 32768 bytes)
[    6.054998] audit: initializing netlink subsys (disabled)
[    6.077092] audit: type=2000 audit(1484647608.663:1): initialized
[    6.174472] Initialise system trusted keyring
[    6.223880] HugeTLB registered 2 MB page size, pre-allocated 0 pages
[    6.290953] zbud: loaded
[    6.310550] VFS: Disk quotas dquot_6.6.0
[    6.347317] VFS: Dquot-cache hash table entries: 512 (order 0, 4096 bytes)
[    6.414210] squashfs: version 4.0 (2009/01/31) Phillip Lougher
[    6.544435] fuse init (API version 7.23)
[    6.644273] Key type big_key registered
[    6.678308] Allocating IMA MOK and blacklist keyrings.
[    6.690681] Key type asymmetric registered
[    6.695554] Asymmetric key parser 'x509' registered
[    6.706798] Block layer SCSI generic (bsg) driver version 0.4 loaded (major 249)
[    6.713461] io scheduler noop registered
[    6.718719] io scheduler deadline registered (default)
[    6.719897] io scheduler cfq registered
[    6.728629] pci_hotplug: PCI Hot Plug PCI Core version: 0.5
[    6.730977] pciehp: PCI Express Hot Plug Controller Driver version: 0.4
[    6.732684] ACPI: AC Adapter [AC] (off-line)
[    6.755915] input: Power Button as /devices/LNXSYSTM:00/LNXPWRBN:00/input/input0
[    6.783962] ACPI: Power Button [PWRF]
[    6.800942] input: Sleep Button as /devices/LNXSYSTM:00/LNXSLPBN:00/input/input1
[    6.805326] ACPI: Sleep Button [SLPF]
[    6.822024] GHES: HEST is not enabled!
[    6.822254] ACPI: Battery Slot [BAT0] (battery present)
[    6.849077] Serial: 8250/16550 driver, 32 ports, IRQ sharing enabled
[    6.878833] 00:02: ttyS0 at I/O 0x3f8 (irq = 4, base_baud = 115200) is a 16550A
[    6.984503] tsc: Refined TSC clocksource calibration: 2699.632 MHz
[    6.988588] clocksource: tsc: mask: 0xffffffffffffffff max_cycles: 0x26e9e2ad520, max_idle_ns: 440795261000 ns
[    7.035770] Linux agpgart interface v0.103
[    7.055736] brd: module loaded
[    7.077735] loop: module loaded
[    7.108466] scsi host0: ata_piix
[    7.152268] scsi host1: ata_piix
[    7.225426] ata1: PATA max UDMA/33 cmd 0x1f0 ctl 0x3f6 bmdma 0xd000 irq 14
[    7.267543] ata2: PATA max UDMA/33 cmd 0x170 ctl 0x376 bmdma 0xd008 irq 15
[    7.271091] libphy: Fixed MDIO Bus: probed
[    7.359989] tun: Universal TUN/TAP device driver, 1.6
[    7.455256] tun: (C) 1999-2004 Max Krasnyansky <maxk@qualcomm.com>
[    7.584068] PPP generic driver version 2.4.2
[    7.734615] ehci_hcd: USB 2.0 'Enhanced' Host Controller (EHCI) Driver
[    7.934588] ehci-pci: EHCI PCI platform driver
[    7.994753] ehci-platform: EHCI generic platform driver
[    8.098063] ohci_hcd: USB 1.1 'Open' Host Controller (OHCI) Driver
[    8.112865] ohci-pci: OHCI PCI platform driver
[    8.115561] ohci-platform: OHCI generic platform driver
[    8.116727] uhci_hcd: USB Universal Host Controller Interface driver
[    8.131683] i8042: PNP: PS/2 Controller [PNP0303:PS2K,PNP0f03:PS2M] at 0x60,0x64 irq 1,12
[    8.148446] serio: i8042 KBD port at 0x60,0x64 irq 1
[    8.174922] serio: i8042 AUX port at 0x60,0x64 irq 12
[    8.201259] mousedev: PS/2 mouse device common for all mice
[    8.246145] rtc_cmos rtc_cmos: rtc core: registered rtc_cmos as rtc0
[    8.275243] rtc_cmos rtc_cmos: alarms up to one day, 114 bytes nvram
[    8.276643] i2c /dev entries driver
[    8.278223] input: AT Translated Set 2 keyboard as /devices/platform/i8042/serio0/input/input2
[    8.280342] device-mapper: uevent: version 1.0.3
[    8.281433] device-mapper: ioctl: 4.34.0-ioctl (2015-10-28) initialised: dm-devel@redhat.com
[    8.283344] ledtrig-cpu: registered to indicate activity on CPUs
[    8.285168] NET: Registered protocol family 10
[    8.286412] NET: Registered protocol family 17
[    8.287430] Key type dns_resolver registered
[    8.288569] microcode: CPU0 sig=0x306d4, pf=0x40, revision=0x0
[    8.289905] microcode: CPU1 sig=0x306d4, pf=0x40, revision=0x0
[    8.295674] microcode: Microcode Update Driver: v2.01 <tigran@aivazian.fsnet.co.uk>, Peter Oruba
[    8.297723] registered taskstats version 1
[    8.298731] Loading compiled-in X.509 certificates
[    8.300372] Loaded X.509 cert 'Build time autogenerated kernel key: 6ffa6bfaa152a74cd2b6aa1e188cb999d8f5632b'
[    8.302525] zswap: loaded using pool lzo/zbud
[    8.305173] Key type trusted registered
[    8.312079] Key type encrypted registered
[    8.379890] AppArmor: AppArmor sha1 policy hashing enabled
[    8.458589] ima: No TPM chip found, activating TPM-bypass!
[    8.552237] evm: HMAC attrs: 0x1
[    8.655144]   Magic number: 1:370:123
[    8.755169] acpi LNXSYBUS:01: hash matches
[    8.866300] rtc_cmos rtc_cmos: setting system clock to 2017-01-17 10:06:49 UTC (1484647609)
[    8.880873] BIOS EDD facility v0.16 2004-Jun-25, 0 devices found
[    8.882174] EDD information not available.
[    8.884338] Freeing unused kernel memory: 1488K (ffffffff81f44000 - ffffffff820b8000)
[    8.886105] Write protecting the kernel read-only data: 14336k
[    8.972411] Freeing unused kernel memory: 1792K (ffff880001840000 - ffff880001a00000)
[    9.206028] Freeing unused kernel memory: 136K (ffff880001dde000 - ffff880001e00000)
Loading, please wait...
starting version[    9.297343] random: systemd-udevd: uninitialized urandom read (16 bytes read, 5 bits of entropy available)
 229
[    9.298120] random: udevadm: uninitialized urandom read (16 bytes read, 5 bits of entropy available)
[    9.298166] random: udevadm: uninitialized urandom read (16 bytes read, 5 bits of entropy available)
[    9.298307] random: udevadm: uninitialized urandom read (16 bytes read, 5 bits of entropy available)
[    9.298365] random: udevadm: uninitialized urandom read (16 bytes read, 5 bits of entropy available)
[    9.298415] random: udevadm: uninitialized urandom read (16 bytes read, 5 bits of entropy available)
[    9.298464] random: udevadm: uninitialized urandom read (16 bytes read, 5 bits of entropy available)
[    9.298511] random: udevadm: uninitialized urandom read (16 bytes read, 5 bits of entropy available)
[    9.298556] random: udevadm: uninitialized urandom read (16 bytes read, 5 bits of entropy available)
[    9.298602] random: udevadm: uninitialized urandom read (16 bytes read, 5 bits of entropy available)
[    9.927647] e1000: Intel(R) PRO/1000 Network Driver - version 7.3.21-k8-NAPI
[    9.949650] e1000: Copyright (c) 1999-2006 Intel Corporation.
[    9.964373] Fusion MPT base driver 3.04.20
[    9.981849] Copyright (c) 1999-2008 LSI Corporation
[    9.989236] Fusion MPT SPI Host driver 3.04.20
[   10.026222] AVX version of gcm_enc/dec engaged.
[   10.063456] AES CTR mode by8 optimization enabled
[   10.267495] input: ImExPS/2 Generic Explorer Mouse as /devices/platform/i8042/serio1/input/input4
[   10.355936] e1000 0000:00:03.0 eth0: (PCI:33MHz:32-bit) 02:ae:6d:d4:e4:a7
[   10.369448] e1000 0000:00:03.0 eth0: Intel(R) PRO/1000 Network Connection
[   10.415026] mptbase: ioc0: Initiating bringup
[   10.490148] ioc0: LSI53C1030 A0: Capabilities={Initiator}
[   10.684627] scsi host2: ioc0: LSI53C1030 A0, FwRev=00000000h, Ports=1, MaxQ=256, IRQ=20
[   10.798191] scsi 2:0:0:0: Direct-Access     VBOX     HARDDISK         1.0  PQ: 0 ANSI: 5
[   10.875996] scsi target2:0:0: Beginning Domain Validation
[   10.892470] scsi target2:0:0: Domain Validation skipping write tests
[   10.933493] scsi target2:0:0: Ending Domain Validation
[   10.937047] scsi target2:0:0: asynchronous
[   10.946222] scsi 2:0:1:0: Direct-Access     VBOX     HARDDISK         1.0  PQ: 0 ANSI: 5
[   10.951730] scsi target2:0:1: Beginning Domain Validation
[   10.969859] scsi target2:0:1: Domain Validation skipping write tests
[   11.011845] scsi target2:0:1: Ending Domain Validation
[   11.021854] scsi target2:0:1: asynchronous
[   11.121241] sd 2:0:0:0: Attached scsi generic sg0 type 0
[   11.158577] sd 2:0:0:0: [sda] 20971520 512-byte logical blocks: (10.7 GB/10.0 GiB)
[   11.175652] sd 2:0:1:0: Attached scsi generic sg1 type 0
[   11.187899] sd 2:0:1:0: [sdb] 20480 512-byte logical blocks: (10.5 MB/10.0 MiB)
[   11.192348] e1000 0000:00:08.0 eth1: (PCI:33MHz:32-bit) 08:00:27:57:34:55
[   11.192351] e1000 0000:00:08.0 eth1: Intel(R) PRO/1000 Network Connection
[   11.225459] sd 2:0:0:0: [sda] Write Protect is off
[   11.226190] e1000 0000:00:03.0 enp0s3: renamed from eth0
[   11.227252] sd 2:0:1:0: [sdb] Write Protect is off
[   11.227458] sd 2:0:1:0: [sdb] Incomplete mode parameter data
[   11.227460] sd 2:0:1:0: [sdb] Assuming drive cache: write through
[   11.229835] sd 2:0:1:0: [sdb] Attached SCSI disk
[   11.388168] sd 2:0:0:0: [sda] Incomplete mode parameter data
[   11.396714] sd 2:0:0:0: [sda] Assuming drive cache: write through
[   11.399309] e1000 0000:00:08.0 enp0s8: renamed from eth1
[   11.460916]  sda: sda1
[   11.464084] sd 2:0:0:0: [sda] Attached SCSI disk
[   12.986222] floppy0: no floppy controllers found
Begin: Loading e[   14.352325] md: linear personality registered for level -1
ssential drivers[   14.527418] md: multipath personality registered for level -4
 ... [   14.532402] md: raid0 personality registered for level 0
[   14.598355] md: raid1 personality registered for level 1
[   14.738153] raid6: sse2x1   gen()  9542 MB/s
[   14.809728] raid6: sse2x1   xor()  7108 MB/s
[   14.913786] raid6: sse2x2   gen()  7956 MB/s
[   15.022102] raid6: sse2x2   xor()  8016 MB/s
[   15.133902] raid6: sse2x4   gen() 13087 MB/s
[   15.274006] raid6: sse2x4   xor()  9008 MB/s
[   15.384131] raid6: using algorithm sse2x4 gen() 13087 MB/s
[   15.517233] raid6: .... xor() 9008 MB/s, rmw enabled
[   15.664661] raid6: using ssse3x2 recovery algorithm
[   15.736706] xor: automatically using best checksumming function:
[   15.862713]    avx       : 24370.000 MB/sec
[   15.907824] async_tx: api initialized (async)
[   15.944819] md: raid6 personality registered for level 6
[   15.961015] md: raid5 personality registered for level 5
[   15.972712] md: raid4 personality registered for level 4
[   16.004843] md: raid10 personality registered for level 10
done.
Begin: Running /scripts/init-premount ... done.[   16.055454] Btrfs loaded

Begin: Mounting root file system ... Begin: Running /scripts/local-top ... done.
Begin: Running /scripts/local-premount ... Scanning for Btrfs filesystems
done.
Warning: fsck no[   16.160757] EXT4-fs (sda1): mounted filesystem with ordered data mode. Opts: (null)
t present, so skipping root file system
done.
Begin: Running /scripts/local-bottom ... done.
Begin: Running /scripts/init-bottom ... done.
[   16.395505] systemd[1]: systemd 229 running in system mode. (+PAM +AUDIT +SELINUX +IMA +APPARMOR +SMACK +SYSVINIT +UTMP +LIBCRYPTSETUP +GCRYPT +GNUTLS +ACL +XZ -LZ4 +SECCOMP +BLKID +ELFUTILS +KMOD -IDN)
[   16.409726] systemd[1]: Detected virtualization oracle.
[   16.419648] systemd[1]: Detected architecture x86-64.

Welcome to [1mUbuntu 16.04.1 LTS[0m!

[   16.447347] systemd[1]: Set hostname to <ubuntu>.
[   16.451042] systemd[1]: Initializing machine ID from random generator.
[   16.452654] systemd[1]: Installed transient /etc/machine-id file.
[   16.543109] systemd[1]: Reached target Swap.
[[0;32m  OK  [0m] Reached target Swap.
[   16.592523] systemd[1]: Listening on Journal Socket (/dev/log).
[[0;32m  OK  [0m] Listening on Journal Socket (/dev/log).
[   16.634247] systemd[1]: Reached target User and Group Name Lookups.
[[0;32m  OK  [0m] Reached target User and Group Name Lookups.
[   16.702199] systemd[1]: Listening on udev Control Socket.
[[0;32m  OK  [0m] Listening on udev Control Socket.
[   16.743824] systemd[1]: Listening on Journal Socket.
[[0;32m  OK  [0m] Listening on Journal Socket.
[   16.782727] systemd[1]: Created slice System Slice.
[[0;32m  OK  [0m] Created slice System Slice.
[   16.870637] systemd[1]: Mounting Huge Pages File System...
         Mounting Huge Pages File System...
[   16.950658] systemd[1]: Starting Load Kernel Modules...
[   16.971953] Loading iSCSI transport class v2.0-870.
         Starting Load Kernel Modules...
[   17.021625] iscsi: registered transport (tcp)
[   17.120422] systemd[1]: Starting Create list of required static device nodes for the current kernel...
         Startin[   17.136959] random: nonblocking pool is initialized
g Create list of required st... nodes for the cu[   17.169191] iscsi: registered transport (iser)
rrent kernel...
[   17.194602] systemd[1]: Starting Set console keymap...
         Starting Set console keymap...
[   17.286965] systemd[1]: Mounting POSIX Message Queue File System...
         Mounting POSIX Message Queue File System...
[   17.292673] systemd[1]: Starting Uncomplicated firewall...
         Starting Uncomplicated firewall...
[   17.310085] systemd[1]: Starting Nameserver information manager...
         Starting Nameserver information manager...
[   17.315626] systemd[1]: Listening on Syslog Socket.
[[0;32m  OK  [0m] Listening on Syslog Socket.
[   17.319962] systemd[1]: Created slice system-serial\x2dgetty.slice.
[[0;32m  OK  [0m] Created slice system-serial\x2dgetty.slice.
[   17.374231] systemd[1]: Starting Remount Root and Kernel File Systems...
[   17.378644] EXT4-fs (sda1): re-mounted. Opts: (null)
         Starting Remount Root and Kernel File Systems...
[   17.453146] systemd[1]: Listening on LVM2 poll daemon socket.
[[0;32m  OK  [0m] Listening on LVM2 poll daemon socket.
[   17.462594] systemd[1]: Mounting Debug File System...
         Mounting Debug File System...
[   17.514029] systemd[1]: Listening on Journal Audit Socket.
[[0;32m  OK  [0m] Listening on Journal Audit Socket.
[   17.555217] systemd[1]: Starting Journal Service...
         Starting Journal Service...
[   17.590683] systemd[1]: Set up automount Arbitrary Executable File Formats File System Automount Point.
[[0;32m  OK  [0m] Set up automount Arbitrary Executab...ats File System Automount Point.
[   17.666220] systemd[1]: Listening on Device-mapper event daemon FIFOs.
[[0;32m  OK  [0m] Listening on Device-mapper event daemon FIFOs.
[   17.750372] systemd[1]: Listening on LVM2 metadata daemon socket.
[[0;32m  OK  [0m] Listening on LVM2 metadata daemon socket.
[   17.826033] systemd[1]: Starting Monitoring of LVM2 mirrors, snapshots etc. using dmeventd or progress polling...
         Starting Monitoring of LVM2 mirrors... dmeventd or progress polling...
[   17.875509] systemd[1]: Reached target Encrypted Volumes.
[[0;32m  OK  [0m] Reached target Encrypted Volumes.
[   18.002391] systemd[1]: Listening on udev Kernel Socket.
[[0;32m  OK  [0m] Listening on udev Kernel Socket.
[   18.094965] systemd[1]: Started Forward Password Requests to Wall Directory Watch.
[[0;32m  OK  [0m] Started Forward Password Requests to Wall Directory Watch.
[   18.222143] systemd[1]: Listening on /dev/initctl Compatibility Named Pipe.
[[0;32m  OK  [0m] Listening on /dev/initctl Compatibility Named Pipe.
[   18.262300] systemd[1]: Created slice User and Session Slice.
[[0;32m  OK  [0m] Created slice User and Session Slice.
[   18.326669] systemd[1]: Reached target Slices.
[[0;32m  OK  [0m] Reached target Slices.
[   18.379153] systemd[1]: Mounted POSIX Message Queue File System.
[[0;32m  OK  [0m] Mounted POSIX Message Queue File System.
[   18.414123] systemd[1]: Mounted Debug File System.
[[0;32m  OK  [0m] Mounted Debug File System.
[   18.523145] systemd[1]: Mounted Huge Pages File System.
[[0;32m  OK  [0m] Mounted Huge Pages File System.
[   18.540735] systemd[1]: Started Journal Service.
[[0;32m  OK  [0m] Started Journal Service.
[[0;32m  OK  [0m] Started Load Kernel Modules.
[[0;32m  OK  [0m] Started Create list of required sta...ce nodes for the current kernel.
[[0;32m  OK  [0m] Started Set console keymap.
[[0;32m  OK  [0m] Started Uncomplicated firewall.
[[0;32m  OK  [0m] Started Remount Root and Kernel File Systems.
[[0;32m  OK  [0m] Started Nameserver information manager.
[[0;32m  OK  [0m] Started LVM2 metadata daemon.
         Starting udev Coldplug all Devices...
         Starting Load/Save Random Seed...
         Starting Initial cloud-init job (pre-networking)...
         Starting Create Static Device Nodes in /dev...
         Mounting FUSE Control File System...
         Starting Apply Kernel Variables...
         Starting Flush Journal to Persistent Storage...
[[0;32m  OK  [0m] Mounted FUSE Control File System.
[[0;32m  OK  [0m] Started Monitoring of LVM2 mirrors,...ng dmeventd or progress polling.
[[0;32m  OK  [0m] Started Load/Save Random Seed.
[[0;32m  OK  [0m] Started Create Static Device Nodes in /dev.
[[0;32m  OK  [0m] Started Apply Kernel Variables.
[[0;32m  OK  [0m] Started udev Coldplug all Devices.
[[0;32m  OK  [0m] Started Flush Journal to Persistent Storage.
         Starting udev Kernel Device Manager...
[[0;32m  OK  [0m] Started udev Kernel Device Manager.
[[0;32m  OK  [0m] Reached target Local File Systems (Pre).
[[0;32m  OK  [0m] Reached target Local File Systems.
         Starting Set console font and keymap...
         Starting Commit a transient machine-id on disk...
         Starting Create Volatile Files and Directories...
         Starting LSB: AppArmor initialization...
         Starting Tell Plymouth To Write Out Runtime Data...
[[0;32m  OK  [0m] Started Dispatch Password Requests to Console Directory Watch.
[[0;32m  OK  [0m] Started Commit a transient machine-id on disk.
[[0;32m  OK  [0m] Started Create Volatile Files and Directories.
[[0;32m  OK  [0m] Started Tell Plymouth To Write Out Runtime Data.
[[0;32m  OK  [0m] Found device /dev/ttyS0.
[[0;32m  OK  [0m] Listening on Load/Save RF Kill Switch Status /dev/rfkill Watch.
         Starting Update UTMP about System Boot/Shutdown...
[   17.054236] cloud-init[477]: Cloud-init v. 0.7.8 running 'init-local' at Tue, 17 Jan 2017 10:07:00 +0000. Up 16.50 seconds.
[[0;32m  OK  [0m] Reached target System Time Synchronized.
[[0;32m  OK  [0m] Started Set console font and keymap.
[[0;32m  OK  [0m] Started LSB: AppArmor initialization.
[[0;32m  OK  [0m] Started Initial cloud-init job (pre-networking).
[[0;32m  OK  [0m] Started Update UTMP about System Boot/Shutdown.
[[0;32m  OK  [0m] Reached target Network (Pre).
         Starting Raise network interfaces...
[[0;32m  OK  [0m] Created slice system-getty.slice.
[[0;32m  OK  [0m] Started Raise network interfaces.
         Starting Initial cloud-init job (metadata service crawler)...
[[0;32m  OK  [0m] Reached target Network.
[   20.379889] cloud-init[1063]: Cloud-init v. 0.7.8 running 'init' at Tue, 17 Jan 2017 10:07:03 +0000. Up 19.75 seconds.
[   20.416565] cloud-init[1063]: ci-info: ++++++++++++++++++++++++++++++++++++++Net device info++++++++++++++++++++++++++++++++++++++
[[0;32m  OK  [0m] Started Initial cloud-init job (metadata service crawler).
[   20.540954] cloud-init[1063]: ci-info: +--------+-------+----------------------------+---------------+-------+-------------------+
[   20.583439] [cloud-init[0;32m  OK  [0m[1063]: ] ci-info: | Device |   Up  |          Address           |      Mask     | Scope |     Hw-Address    |Reached target Cloud-config availability.

[[0;32m  OK  [0m] Reached target Network is Online.
[   20.584350] cloud-init[1063]: ci-info: +--------+-------+----------------------------+---------------+-------+-------------------+
[   20.620689] cloud-init[1063]: ci-info: |   lo   |  True |         127.0.0.1          |   255.0.0.0   |   .   |         .         |
         Starting iSCSI initiator daemon (iscsid)...
[   20.643392] [cloud-init[0;32m  OK  [0m[1063]: ] ci-info: |   lo   |  True |          ::1/128           |       .       |  host |         .         |Reached target System Initialization.

[   20.653800] [[0;32m  OK  [0m] Started Trigger resolvconf update for networkd DNS.
[[0;32m  OK  [0m] Started Daily apt activities.
         Starting Socket activation for snappy daemon.
[[0;32m  OK  [0m] Started ACPI Events Check.
[[0;32m  OK  [0m] Reached target Paths.
cloud-init[1063]: ci-info: | enp0s3 |  True |         10.0.2.15          | 255.255.255.0 |   .   | 02:ae:6d:d4:e4:a7 |
[   20.783017] [cloud-init[0;32m  OK  [0m[1063]: ] ci-info: | enp0s3 |  True | fe80::ae:6dff:fed4:e4a7/64 |       .       |  link | 02:ae:6d:d4:e4:a7 |Started Timer to automatically refresh installed snaps.

[[0;32m  OK  [0m] Started Daily Cleanup of Temporary Directories.
[[0;32m  OK  [0m] Reached target Timers.
[   20.783731] cloud-init[1063]: ci-info: | enp0s8 | False |             .              |       .       |   .   | 08:00:27:57:34:55 |
[   21.016986] [cloud-init[0;32m  OK  [0m[1063]: ] ci-info: +--------+-------+----------------------------+---------------+-------+-------------------+Listening on D-Bus System Message Bus Socket.

[[0;32m  OK  [0m] Listening on UUID daemon activation socket.
[   21.017787] cloud-init[1063]: ci-info: +++++++++++++++++++++++++++Route IPv4 info++++++++++++++++++++++++++++
[   21.249811]          cloud-initStarting LXD - unix socket.[1063]: 
ci-info: +-------+-------------+----------+---------------+-----------+-------+
[   21.352417] [cloud-init[0;32m  OK  [0m[1063]: ] ci-info: | Route | Destination | Gateway  |    Genmask    | Interface | Flags |Listening on ACPID Listen Socket.

[   21.352883] cloud-init[1063]: ci-info: +-------+-------------+----------+---------------+-----------+-------+
[   21.529537] [cloud-init[0;32m  OK  [0m[1063]: ] ci-info: |   0   |   0.0.0.0   | 10.0.2.2 |    0.0.0.0    |   enp0s3  |   UG  |Listening on Socket activation for snappy daemon.

[[0;32m  OK  [0m] Listening on LXD - unix socket.
[[0;32m  OK  [0m] Started iSCSI initiator daemon (iscsid).
[   21.530026] cloud-init[1063]: ci-info: |   1   |   10.0.2.0  | 0.0.0.0  | 255.255.255.0 |   enp0s3  |   U   |
[   21.744479]          cloud-initStarting Login to default iSCSI targets...[1063]: 
ci-info: +-------+-------------+----------+---------------+-----------+-------+
[[0;32m  OK  [0m] Reached target Sockets.
[[0;32m  OK  [0m] Reached target Basic System.
[   21.827744] cloud-init[1063]: Generating public/private rsa key pair.
         Starting Apply the settings specified in cloud-config...
[   21.902375] cloud-init[1063]: Your identification has been saved in /etc/ssh/ssh_host_rsa_key.
[[0;32m  OK  [0m] Started FUSE filesystem for LXC.
[   21.966980] cloud-init[1063]: Your public key has been saved in /etc/ssh/ssh_host_rsa_key.pub.
         Starting LSB: Record successful boot for GRUB...
[   22.058731] cloud-init[1063]: The key fingerprint is:
[   22.140198]          cloud-initStarting Login Service...[1063]: 
SHA256:DDCyzf3hwWS2egwQGGWnCDncJ7EWSvlrB+gbe5G2wtc root@ubuntu-xenial
         Starting LSB: MD monitoring daemon...
[   22.216174] cloud-init[1063]: The key's randomart image is:
[   22.277677] [cloud-init[0;32m  OK  [0m[1063]: ] +---[RSA 2048]----+Started D-Bus System Message Bus.

[   22.278218] cloud-init[1063]: |oo=*O.. +        |
[   22.360600] [cloud-init[0;32m  OK  [0m[1063]: ] |++oXoO = .       |Started Deferred execution scheduler.

[   22.361048] cloud-init[1063]: | o=o* + =        |
[   22.485600]          cloud-initStarting Pollinate to seed the pseudo random number generator...[1063]: 
| ..o   O o       |
[   22.544257]          cloud-initStarting /etc/rc.local Compatibility...[1063]: 
|.   + . S        |
[   22.603893] [cloud-init[0;32m  OK  [0m[1063]: ] | o * . .         |Started Regular background program processing daemon.

[   22.604638] cloud-init[1063]: |. * =            |
[   22.748321]          cloud-initStarting Accounts Service...[1063]: 
| = + E           |
[   22.796387]          cloud-initStarting System Logging Service...[1063]: 
|  +              |
[   22.796928] cloud-init[1063]: +----[SHA256]-----+
[   22.885345]          cloud-initStarting LXD - container startup/shutdown...[1063]: 
Generating public/private dsa key pair.
[   22.885858] cloud-init[1063]: Your identification has been saved in /etc/ssh/ssh_host_dsa_key.
[   23.012355] [cloud-init[0;32m  OK  [0m[1063]: ] Your public key has been saved in /etc/ssh/ssh_host_dsa_key.pub.Started ACPI event daemon.

[   23.012759] cloud-init[1063]: The key fingerprint is:
[   23.152900] [cloud-init[0;32m  OK  [0m[1063]: ] SHA256:KXjsN8Nk45sMRR7PopIkoCQE0nabx1YaBSkr26l3XZI root@ubuntu-xenialStarted Snappy daemon.

[   23.153389] cloud-init[1063]: The key's randomart image is:
[   23.275570]          Starting Auto import assertions from block devices...
cloud-init[1063]: +---[DSA 1024]----+
[   23.344952] [cloud-init[0;32m  OK  [0m[1063]: ] |+o    .+.        |Started System Logging Service.

[   23.345496] cloud-init[1063]: |o o o o .        |
[[0;32m  OK  [0m] Started Pollinate to seed the pseudo random number generator.
[   23.448803] [cloud-init[0;32m  OK  [0m[1063]: ] |oo . * +o        |Started /etc/rc.local Compatibility.

[[0;32m  OK  [0m] Started LXD - container startup/shutdown.
[   23.554408] cloud-init[1063]: |+.. +o=o =       |
[[0;32m  OK  [0m] Started Auto import assertions from block devices.
[   23.628770] cloud-init[1063]: |. .+o++ S.o      |
[   23.716381] cloud-init[1063]: |  .oo+ OEo.      |
[   23.748726] cloud-init[1063]: |   .o +.*o       |
[   23.749077] cloud-init[1063]: |  . ...+.=       |
[[0;32m  OK  [0m] Started Login to default iSCSI targets.
[   23.749309] cloud-init[1063]: |   . .  +        |
[   23.849069] cloud-init[1063]: +----[SHA256]-----+
[   23.849429] cloud-init[1063]: Generating public/private ecdsa key pair.
[[0;32m  OK  [0m] Started LSB: Record successful boot for GRUB.
[   23.849611] cloud-init[1063]: Your identification has been saved in /etc/ssh/ssh_host_ecdsa_key.
[   23.867531] cloud-init[1063]: Your public key has been saved in /etc/ssh/ssh_host_ecdsa_key.pub.
[[   23.888724] cloud-init[1063]: The key fingerprint is:
[   23.889279] cloud-init[1063]: SHA256:tkw5Npi0cL6YNl1fnoTcenHZpmc6ZGocaJfTYtDRjFg root@ubuntu-xenial
[   23.889450] cloud-init[1063]: The key's randomart image is:
[   23.889674] cloud-init[1063]: +---[ECDSA 256]---+
[0;32m  OK  [0m] Started LSB: MD monitoring daemon.
[   23.889804] cloud-init[1063]: |           oE+   |
[   23.913537] cloud-init[1063]: |          . o o  |
[[   23.937116] cloud-init[1063]: |    . o    . .   |
[   23.937711] cloud-init[1063]: |     = + o.o.  o |
[0;32m  OK  [0m] Started Login Service.
[   23.937859] cloud-init[1063]: |      = S oo=oo o|
[   23.972851] cloud-init[1063]: |     + B =o=B++o |
[   24.037609]          cloud-initStarting Authenticate and Authorize Users to Run Privileged Tasks...[1063]: 
|    = o o.o++B. o|
[   24.109833] [cloud-init[0;32m  OK  [0m[1063]: ] |   . .     .+ .+ |Reached target Remote File Systems (Pre).

[[0;32m  OK  [0m] Reached target Remote File Systems.
[   24.110448] cloud-init[1063]: |           .  .. |
[   24.231538]          cloud-initStarting LSB: VirtualBox Linux Additions...[1063]: 
+----[SHA256]-----+
[   24.232185] cloud-init[1063]: Generating public/private ed25519 key pair.
[   24.305887]          cloud-initStarting Permit User Sessions...[1063]: 
Your identification has been saved in /etc/ssh/ssh_host_ed25519_key.
         Starting LSB: Set the CPU Frequency Scaling governor to "ondemand"...
[   24.395789] cloud-init[1063]: Your public key has been saved in /etc/ssh/ssh_host_ed25519_key.pub.
[   24.505277] cloud-init[1063]: The key fingerprint is:
[   24.505765] cloud-init[1063]: SHA256:j1GTodKYzVQqwgzJ2Fs8H8U1tRWTfzJHFDuGTOS0uPU root@ubuntu-xenial
         Starting LSB: daemon to balance interrupts for SMP systems...
[   24.505902] cloud-init[1063]: The key's randomart image is:
[   24.636363] cloud-init[1063]: +--[ED25519 256]--+
[   24.636826] cloud-init[1063]: | +.o   ooo=.o++=o|
         Starting LSB: automatic crash report generation...
[   24.637020] cloud-init[1063]: |. +++ .B.o +*o+.o|
[   24.679757] cloud-init[1063]: |   o+o=.* +..* * |
[[0;32m  OK  [0m] Stopped OpenBSD Secure Shell server.
[   24.679880] cloud-init[1063]: |  .  ..o . .o = =|
[   24.759222] cloud-init[1063]: |        S  .   E.|
[   24.780883] cloud-init[1063]: |         +       |
[   24.781240] cloud-init[1063]: |        . .      |
         Starting OpenBSD Secure Shell server...
[   24.781427] cloud-init[1063]: |                 |
[[   24.852905] cloud-init[1063]: |                 |
[   24.853014] cloud-init[1063]: +----[SHA256]-----+
[0;32m  OK  [0m] Started OpenBSD Secure Shell server.
[   24.856722] cloud-init[1161]: Generating locales (this might take a while)...
[   24.913191] cloud-init[1161]:   en_US.UTF-8... done
[   24.913384] cloud-init[1161]: Generation complete.
[[0;32m  OK  [0m] Started Permit User Sessions.
[[0;32m  OK  [0m] Started Authenticate and Authorize Users to Run Privileged Tasks.
[[0;32m  OK  [0m] Started Accounts Service.
[[0;32m  OK  [0m] Started LSB: Set the CPU Frequency Scaling governor to "ondemand".
[[0;32m  OK  [0m] Started LSB: daemon to balance interrupts for SMP systems.
[[0;32m  OK  [0m] Started LSB: VirtualBox Linux Additions.
[[0;32m  OK  [0m] Created slice User Slice of ubuntu.
[[0;32m  OK  [0m] Started Session 1 of user ubuntu.
         Starting User Manager for UID 1000...
         Starting Terminate Plymouth Boot Screen...
         Starting Hold until boot process finishes up...
[[0;32m  OK  [0m] Started LSB: automatic crash report generation.
[[0;32m  OK  [0m] Started Hold until boot process finishes up.
[[0;32m  OK  [0m] Started Terminate Plymouth Boot Screen.
         Starting Set console scheme...
[[0;32m  OK  [0m] Started Serial Getty on ttyS0.
[[0;32m  OK  [0m] Started Getty on tty1.
[[0;32m  OK  [0m] Reached target Login Prompts.
[[0;32m  OK  [0m] Reached target Multi-User System.
[[0;32m  OK  [0m] Reached target Graphical Interface.
         Starting Update UTMP about System Runlevel Changes...
[[0;32m  OK  [0m] Started User Manager for UID 1000.
[[0;32m  OK  [0m] Started Set console scheme.
[[0;32m  OK  [0m] Started Update UTMP about System Runlevel Changes.
[   25.393697] cloud-init[1161]: Cloud-init v. 0.7.8 running 'modules:config' at Tue, 17 Jan 2017 10:07:06 +0000. Up 22.11 seconds.
[[0;32m  OK  [0m] Started Apply the settings specified in cloud-config.
         Starting Execute cloud user/final scripts...
ci-info: no authorized ssh keys fingerprints found for user ubuntu.
<14>Jan 17 10:07:10 ec2: 
<14>Jan 17 10:07:10 ec2: #############################################################
<14>Jan 17 10:07:10 ec2: -----BEGIN SSH HOST KEY FINGERPRINTS-----
<14>Jan 17 10:07:10 ec2: 1024 SHA256:KXjsN8Nk45sMRR7PopIkoCQE0nabx1YaBSkr26l3XZI root@ubuntu-xenial (DSA)
<14>Jan 17 10:07:10 ec2: 256 SHA256:tkw5Npi0cL6YNl1fnoTcenHZpmc6ZGocaJfTYtDRjFg root@ubuntu-xenial (ECDSA)
<14>Jan 17 10:07:10 ec2: 256 SHA256:j1GTodKYzVQqwgzJ2Fs8H8U1tRWTfzJHFDuGTOS0uPU root@ubuntu-xenial (ED25519)
<14>Jan 17 10:07:10 ec2: 2048 SHA256:DDCyzf3hwWS2egwQGGWnCDncJ7EWSvlrB+gbe5G2wtc root@ubuntu-xenial (RSA)
<14>Jan 17 10:07:10 ec2: -----END SSH HOST KEY FINGERPRINTS-----
<14>Jan 17 10:07:10 ec2: #############################################################
-----BEGIN SSH HOST KEY KEYS-----
ecdsa-sha2-nistp256 AAAAE2VjZHNhLXNoYTItbmlzdHAyNTYAAAAIbmlzdHAyNTYAAABBBNG+LLXTzJkrMNuclQ9cpgRqP85ekhvfpgQL0JFsmUwA0RoJXOAXv2T1lO+M9kWZWMCRmHL3ONvzOCUFeIzvDqU= root@ubuntu-xenial
ssh-ed25519 AAAAC3NzaC1lZDI1NTE5AAAAIFdm5kaxG8EBm3act6wq3++1egXoj5oqZLBR6deOrNHy root@ubuntu-xenial
ssh-rsa AAAAB3NzaC1yc2EAAAADAQABAAABAQCr11foJFy311syOxGJ1FloySOR8t+e41klvq+kNtyUIteJTV7ex+QTC4OmOSmXVIq9ceXkR9TcknLVpXcY3FAZ6tYA+hMI/znd5yT3ff+tUQ2wwNhi64mvaEJ4MMsC672f45mHjgM60YyyZERIREgk0URWQwM7Anb/342KtaNcjpHVgVvwjpx0RtlCFDM6NUiBgerTi0OrUBnoGhedqzWQvNdo4lGMbMM+0Myffx1TPQC8E7oAQV0W8BQyC9v0b3ivja5kR7ZqipGfSTK2zNDqsIDnHIuNXcOYUNBCDK3MormaiaNBkjVPFje+LDbG8VaUdpVwrtLx+CLIXZoiKly1 root@ubuntu-xenial
-----END SSH HOST KEY KEYS-----
[   26.744647] cloud-init[1488]: Cloud-init v. 0.7.8 running 'modules:final' at Tue, 17 Jan 2017 10:07:10 +0000. Up 26.04 seconds.
[   26.769042] cloud-init[1488]: ci-info: no authorized ssh keys fingerprints found for user ubuntu.
[   26.804427] cloud-init[1488]: Cloud-init v. 0.7.8 finished at Tue, 17 Jan 2017 10:07:10 +0000. Datasource DataSourceNoCloud [seed=/dev/sdb][dsmode=net].  Up 26.73 seconds
[[0;32m  OK  [0m] Started Execute cloud user/final scripts.
[[0;32m  OK  [0m] Reached target Cloud-init target.

Ubuntu 16.04.1 LTS ubuntu-xenial ttyS0

ubuntu64-xenial login: 